<?xml version="1.0" encoding="UTF-8"?>
<testng-results skipped="1" failed="0" ignored="0" total="2" passed="1">
  <reporter-output>
  </reporter-output>
  <suite name="Default suite" duration-ms="24411" started-at="2020-04-23T11:39:01Z" finished-at="2020-04-23T11:39:26Z">
    <groups>
    </groups>
    <test name="Default test" duration-ms="24411" started-at="2020-04-23T11:39:01Z" finished-at="2020-04-23T11:39:26Z">
      <class name="com.framework.qa.testcases.LoginPageTest">
        <test-method status="PASS" signature="setup()[pri:0, instance:com.framework.qa.testcases.LoginPageTest@48524010]" name="setup" is-config="true" duration-ms="10431" started-at="2020-04-23T11:39:01Z" finished-at="2020-04-23T11:39:12Z">
          <reporter-output>
          </reporter-output>
        </test-method> <!-- setup -->
        <test-method status="PASS" signature="loginPageTitleTest()[pri:0, instance:com.framework.qa.testcases.LoginPageTest@48524010]" name="loginPageTitleTest" duration-ms="24" started-at="2020-04-23T11:39:12Z" finished-at="2020-04-23T11:39:12Z">
          <reporter-output>
          </reporter-output>
        </test-method> <!-- loginPageTitleTest -->
        <test-method status="PASS" signature="teardown()[pri:0, instance:com.framework.qa.testcases.LoginPageTest@48524010]" name="teardown" is-config="true" duration-ms="659" started-at="2020-04-23T11:39:12Z" finished-at="2020-04-23T11:39:12Z">
          <reporter-output>
          </reporter-output>
        </test-method> <!-- teardown -->
        <test-method status="FAIL" signature="setup()[pri:0, instance:com.framework.qa.testcases.LoginPageTest@48524010]" name="setup" is-config="true" duration-ms="13244" started-at="2020-04-23T11:39:12Z" finished-at="2020-04-23T11:39:26Z">
          <exception class="org.openqa.selenium.SessionNotCreatedException">
            <message>
              <![CDATA[session not created
from chrome not reachable
  (Session info: chrome=81.0.4044.113)
Build info: version: '3.141.59', revision: 'e82be7d358', time: '2018-11-14T08:17:03'
System info: host: 'MAYANK', ip: '192.168.56.1', os.name: 'Windows 10', os.arch: 'amd64', os.version: '10.0', java.version: '1.8.0_181'
Driver info: driver.version: ChromeDriver
remote stacktrace: Backtrace:
Ordinal0 [0x00445F73+2449267]
Ordinal0 [0x00378361+1606497]
Ordinal0 [0x0026F812+522258]
Ordinal0 [0x002695B2+497074]
Ordinal0 [0x00269C9B+498843]
Ordinal0 [0x0026ABF5+502773]
Ordinal0 [0x00266724+485156]
Ordinal0 [0x00270600+525824]
Ordinal0 [0x0021CBB9+183225]
Ordinal0 [0x0021BF2D+180013]
Ordinal0 [0x00219E5B+171611]
Ordinal0 [0x00201DD8+73176]
Ordinal0 [0x00202E50+77392]
Ordinal0 [0x00202DE9+77289]
Ordinal0 [0x0038D8D7+1693911]
GetHandleVerifier [0x004E4036+522726]
GetHandleVerifier [0x004E3D74+522020]
GetHandleVerifier [0x004F9187+609079]
GetHandleVerifier [0x004E48A6+524886]
Ordinal0 [0x00385CBC+1662140]
Ordinal0 [0x0038F23B+1700411]
Ordinal0 [0x0038F3A3+1700771]
Ordinal0 [0x003A5215+1790485]
BaseThreadInitThunk [0x76C56359+25]
RtlGetAppContainerNamedObjectPath [0x76F77C14+228]
RtlGetAppContainerNamedObjectPath [0x76F77BE4+180]
]]>
            </message>
            <full-stacktrace>
              <![CDATA[org.openqa.selenium.SessionNotCreatedException: session not created
from chrome not reachable
  (Session info: chrome=81.0.4044.113)
Build info: version: '3.141.59', revision: 'e82be7d358', time: '2018-11-14T08:17:03'
System info: host: 'MAYANK', ip: '192.168.56.1', os.name: 'Windows 10', os.arch: 'amd64', os.version: '10.0', java.version: '1.8.0_181'
Driver info: driver.version: ChromeDriver
remote stacktrace: Backtrace:
Ordinal0 [0x00445F73+2449267]
Ordinal0 [0x00378361+1606497]
Ordinal0 [0x0026F812+522258]
Ordinal0 [0x002695B2+497074]
Ordinal0 [0x00269C9B+498843]
Ordinal0 [0x0026ABF5+502773]
Ordinal0 [0x00266724+485156]
Ordinal0 [0x00270600+525824]
Ordinal0 [0x0021CBB9+183225]
Ordinal0 [0x0021BF2D+180013]
Ordinal0 [0x00219E5B+171611]
Ordinal0 [0x00201DD8+73176]
Ordinal0 [0x00202E50+77392]
Ordinal0 [0x00202DE9+77289]
Ordinal0 [0x0038D8D7+1693911]
GetHandleVerifier [0x004E4036+522726]
GetHandleVerifier [0x004E3D74+522020]
GetHandleVerifier [0x004F9187+609079]
GetHandleVerifier [0x004E48A6+524886]
Ordinal0 [0x00385CBC+1662140]
Ordinal0 [0x0038F23B+1700411]
Ordinal0 [0x0038F3A3+1700771]
Ordinal0 [0x003A5215+1790485]
BaseThreadInitThunk [0x76C56359+25]
RtlGetAppContainerNamedObjectPath [0x76F77C14+228]
RtlGetAppContainerNamedObjectPath [0x76F77BE4+180]

at sun.reflect.NativeConstructorAccessorImpl.newInstance0(Native Method)
at sun.reflect.NativeConstructorAccessorImpl.newInstance(NativeConstructorAccessorImpl.java:62)
at sun.reflect.DelegatingConstructorAccessorImpl.newInstance(DelegatingConstructorAccessorImpl.java:45)
at java.lang.reflect.Constructor.newInstance(Constructor.java:423)
at org.openqa.selenium.remote.W3CHandshakeResponse.lambda$errorHandler$0(W3CHandshakeResponse.java:62)
at org.openqa.selenium.remote.HandshakeResponse.lambda$getResponseFunction$0(HandshakeResponse.java:30)
at org.openqa.selenium.remote.ProtocolHandshake.lambda$createSession$0(ProtocolHandshake.java:126)
at java.util.stream.ReferencePipeline$3$1.accept(ReferencePipeline.java:193)
at java.util.Spliterators$ArraySpliterator.tryAdvance(Spliterators.java:958)
at java.util.stream.ReferencePipeline.forEachWithCancel(ReferencePipeline.java:126)
at java.util.stream.AbstractPipeline.copyIntoWithCancel(AbstractPipeline.java:498)
at java.util.stream.AbstractPipeline.copyInto(AbstractPipeline.java:485)
at java.util.stream.AbstractPipeline.wrapAndCopyInto(AbstractPipeline.java:471)
at java.util.stream.FindOps$FindOp.evaluateSequential(FindOps.java:152)
at java.util.stream.AbstractPipeline.evaluate(AbstractPipeline.java:234)
at java.util.stream.ReferencePipeline.findFirst(ReferencePipeline.java:464)
at org.openqa.selenium.remote.ProtocolHandshake.createSession(ProtocolHandshake.java:128)
at org.openqa.selenium.remote.ProtocolHandshake.createSession(ProtocolHandshake.java:74)
at org.openqa.selenium.remote.HttpCommandExecutor.execute(HttpCommandExecutor.java:136)
at org.openqa.selenium.remote.service.DriverCommandExecutor.execute(DriverCommandExecutor.java:83)
at org.openqa.selenium.remote.RemoteWebDriver.execute(RemoteWebDriver.java:552)
at org.openqa.selenium.remote.RemoteWebDriver.startSession(RemoteWebDriver.java:213)
at org.openqa.selenium.remote.RemoteWebDriver.<init>(RemoteWebDriver.java:131)
at org.openqa.selenium.chrome.ChromeDriver.<init>(ChromeDriver.java:181)
at org.openqa.selenium.chrome.ChromeDriver.<init>(ChromeDriver.java:168)
at org.openqa.selenium.chrome.ChromeDriver.<init>(ChromeDriver.java:123)
at com.framework.qa.base.TestBase.initializations(TestBase.java:62)
at com.framework.qa.testcases.LoginPageTest.setup(LoginPageTest.java:24)
at sun.reflect.NativeMethodAccessorImpl.invoke0(Native Method)
at sun.reflect.NativeMethodAccessorImpl.invoke(NativeMethodAccessorImpl.java:62)
at sun.reflect.DelegatingMethodAccessorImpl.invoke(DelegatingMethodAccessorImpl.java:43)
at java.lang.reflect.Method.invoke(Method.java:498)
at org.testng.internal.MethodInvocationHelper.invokeMethod(MethodInvocationHelper.java:124)
at org.testng.internal.MethodInvocationHelper.invokeMethodConsideringTimeout(MethodInvocationHelper.java:59)
at org.testng.internal.Invoker.invokeConfigurationMethod(Invoker.java:458)
at org.testng.internal.Invoker.invokeConfigurations(Invoker.java:222)
at org.testng.internal.Invoker.invokeMethod(Invoker.java:523)
at org.testng.internal.Invoker.invokeTestMethod(Invoker.java:719)
at org.testng.internal.Invoker.invokeTestMethods(Invoker.java:989)
at org.testng.internal.TestMethodWorker.invokeTestMethods(TestMethodWorker.java:125)
at org.testng.internal.TestMethodWorker.run(TestMethodWorker.java:109)
at org.testng.TestRunner.privateRun(TestRunner.java:648)
at org.testng.TestRunner.run(TestRunner.java:505)
at org.testng.SuiteRunner.runTest(SuiteRunner.java:455)
at org.testng.SuiteRunner.runSequentially(SuiteRunner.java:450)
at org.testng.SuiteRunner.privateRun(SuiteRunner.java:415)
at org.testng.SuiteRunner.run(SuiteRunner.java:364)
at org.testng.SuiteRunnerWorker.runSuite(SuiteRunnerWorker.java:52)
at org.testng.SuiteRunnerWorker.run(SuiteRunnerWorker.java:84)
at org.testng.TestNG.runSuitesSequentially(TestNG.java:1208)
at org.testng.TestNG.runSuitesLocally(TestNG.java:1137)
at org.testng.TestNG.runSuites(TestNG.java:1049)
at org.testng.TestNG.run(TestNG.java:1017)
at org.testng.remote.AbstractRemoteTestNG.run(AbstractRemoteTestNG.java:115)
at org.testng.remote.RemoteTestNG.initAndRun(RemoteTestNG.java:251)
at org.testng.remote.RemoteTestNG.main(RemoteTestNG.java:77)
]]>
            </full-stacktrace>
          </exception> <!-- org.openqa.selenium.SessionNotCreatedException -->
          <reporter-output>
          </reporter-output>
        </test-method> <!-- setup -->
        <test-method status="SKIP" signature="loginTest()[pri:1, instance:com.framework.qa.testcases.LoginPageTest@48524010]" name="loginTest" duration-ms="0" started-at="2020-04-23T11:39:26Z" finished-at="2020-04-23T11:39:26Z">
          <exception class="org.openqa.selenium.SessionNotCreatedException">
            <message>
              <![CDATA[session not created
from chrome not reachable
  (Session info: chrome=81.0.4044.113)
Build info: version: '3.141.59', revision: 'e82be7d358', time: '2018-11-14T08:17:03'
System info: host: 'MAYANK', ip: '192.168.56.1', os.name: 'Windows 10', os.arch: 'amd64', os.version: '10.0', java.version: '1.8.0_181'
Driver info: driver.version: ChromeDriver
remote stacktrace: Backtrace:
Ordinal0 [0x00445F73+2449267]
Ordinal0 [0x00378361+1606497]
Ordinal0 [0x0026F812+522258]
Ordinal0 [0x002695B2+497074]
Ordinal0 [0x00269C9B+498843]
Ordinal0 [0x0026ABF5+502773]
Ordinal0 [0x00266724+485156]
Ordinal0 [0x00270600+525824]
Ordinal0 [0x0021CBB9+183225]
Ordinal0 [0x0021BF2D+180013]
Ordinal0 [0x00219E5B+171611]
Ordinal0 [0x00201DD8+73176]
Ordinal0 [0x00202E50+77392]
Ordinal0 [0x00202DE9+77289]
Ordinal0 [0x0038D8D7+1693911]
GetHandleVerifier [0x004E4036+522726]
GetHandleVerifier [0x004E3D74+522020]
GetHandleVerifier [0x004F9187+609079]
GetHandleVerifier [0x004E48A6+524886]
Ordinal0 [0x00385CBC+1662140]
Ordinal0 [0x0038F23B+1700411]
Ordinal0 [0x0038F3A3+1700771]
Ordinal0 [0x003A5215+1790485]
BaseThreadInitThunk [0x76C56359+25]
RtlGetAppContainerNamedObjectPath [0x76F77C14+228]
RtlGetAppContainerNamedObjectPath [0x76F77BE4+180]
]]>
            </message>
            <full-stacktrace>
              <![CDATA[org.openqa.selenium.SessionNotCreatedException: session not created
from chrome not reachable
  (Session info: chrome=81.0.4044.113)
Build info: version: '3.141.59', revision: 'e82be7d358', time: '2018-11-14T08:17:03'
System info: host: 'MAYANK', ip: '192.168.56.1', os.name: 'Windows 10', os.arch: 'amd64', os.version: '10.0', java.version: '1.8.0_181'
Driver info: driver.version: ChromeDriver
remote stacktrace: Backtrace:
Ordinal0 [0x00445F73+2449267]
Ordinal0 [0x00378361+1606497]
Ordinal0 [0x0026F812+522258]
Ordinal0 [0x002695B2+497074]
Ordinal0 [0x00269C9B+498843]
Ordinal0 [0x0026ABF5+502773]
Ordinal0 [0x00266724+485156]
Ordinal0 [0x00270600+525824]
Ordinal0 [0x0021CBB9+183225]
Ordinal0 [0x0021BF2D+180013]
Ordinal0 [0x00219E5B+171611]
Ordinal0 [0x00201DD8+73176]
Ordinal0 [0x00202E50+77392]
Ordinal0 [0x00202DE9+77289]
Ordinal0 [0x0038D8D7+1693911]
GetHandleVerifier [0x004E4036+522726]
GetHandleVerifier [0x004E3D74+522020]
GetHandleVerifier [0x004F9187+609079]
GetHandleVerifier [0x004E48A6+524886]
Ordinal0 [0x00385CBC+1662140]
Ordinal0 [0x0038F23B+1700411]
Ordinal0 [0x0038F3A3+1700771]
Ordinal0 [0x003A5215+1790485]
BaseThreadInitThunk [0x76C56359+25]
RtlGetAppContainerNamedObjectPath [0x76F77C14+228]
RtlGetAppContainerNamedObjectPath [0x76F77BE4+180]

at sun.reflect.NativeConstructorAccessorImpl.newInstance0(Native Method)
at sun.reflect.NativeConstructorAccessorImpl.newInstance(NativeConstructorAccessorImpl.java:62)
at sun.reflect.DelegatingConstructorAccessorImpl.newInstance(DelegatingConstructorAccessorImpl.java:45)
at java.lang.reflect.Constructor.newInstance(Constructor.java:423)
at org.openqa.selenium.remote.W3CHandshakeResponse.lambda$errorHandler$0(W3CHandshakeResponse.java:62)
at org.openqa.selenium.remote.HandshakeResponse.lambda$getResponseFunction$0(HandshakeResponse.java:30)
at org.openqa.selenium.remote.ProtocolHandshake.lambda$createSession$0(ProtocolHandshake.java:126)
at java.util.stream.ReferencePipeline$3$1.accept(ReferencePipeline.java:193)
at java.util.Spliterators$ArraySpliterator.tryAdvance(Spliterators.java:958)
at java.util.stream.ReferencePipeline.forEachWithCancel(ReferencePipeline.java:126)
at java.util.stream.AbstractPipeline.copyIntoWithCancel(AbstractPipeline.java:498)
at java.util.stream.AbstractPipeline.copyInto(AbstractPipeline.java:485)
at java.util.stream.AbstractPipeline.wrapAndCopyInto(AbstractPipeline.java:471)
at java.util.stream.FindOps$FindOp.evaluateSequential(FindOps.java:152)
at java.util.stream.AbstractPipeline.evaluate(AbstractPipeline.java:234)
at java.util.stream.ReferencePipeline.findFirst(ReferencePipeline.java:464)
at org.openqa.selenium.remote.ProtocolHandshake.createSession(ProtocolHandshake.java:128)
at org.openqa.selenium.remote.ProtocolHandshake.createSession(ProtocolHandshake.java:74)
at org.openqa.selenium.remote.HttpCommandExecutor.execute(HttpCommandExecutor.java:136)
at org.openqa.selenium.remote.service.DriverCommandExecutor.execute(DriverCommandExecutor.java:83)
at org.openqa.selenium.remote.RemoteWebDriver.execute(RemoteWebDriver.java:552)
at org.openqa.selenium.remote.RemoteWebDriver.startSession(RemoteWebDriver.java:213)
at org.openqa.selenium.remote.RemoteWebDriver.<init>(RemoteWebDriver.java:131)
at org.openqa.selenium.chrome.ChromeDriver.<init>(ChromeDriver.java:181)
at org.openqa.selenium.chrome.ChromeDriver.<init>(ChromeDriver.java:168)
at org.openqa.selenium.chrome.ChromeDriver.<init>(ChromeDriver.java:123)
at com.framework.qa.base.TestBase.initializations(TestBase.java:62)
at com.framework.qa.testcases.LoginPageTest.setup(LoginPageTest.java:24)
at sun.reflect.NativeMethodAccessorImpl.invoke0(Native Method)
at sun.reflect.NativeMethodAccessorImpl.invoke(NativeMethodAccessorImpl.java:62)
at sun.reflect.DelegatingMethodAccessorImpl.invoke(DelegatingMethodAccessorImpl.java:43)
at java.lang.reflect.Method.invoke(Method.java:498)
at org.testng.internal.MethodInvocationHelper.invokeMethod(MethodInvocationHelper.java:124)
at org.testng.internal.MethodInvocationHelper.invokeMethodConsideringTimeout(MethodInvocationHelper.java:59)
at org.testng.internal.Invoker.invokeConfigurationMethod(Invoker.java:458)
at org.testng.internal.Invoker.invokeConfigurations(Invoker.java:222)
at org.testng.internal.Invoker.invokeMethod(Invoker.java:523)
at org.testng.internal.Invoker.invokeTestMethod(Invoker.java:719)
at org.testng.internal.Invoker.invokeTestMethods(Invoker.java:989)
at org.testng.internal.TestMethodWorker.invokeTestMethods(TestMethodWorker.java:125)
at org.testng.internal.TestMethodWorker.run(TestMethodWorker.java:109)
at org.testng.TestRunner.privateRun(TestRunner.java:648)
at org.testng.TestRunner.run(TestRunner.java:505)
at org.testng.SuiteRunner.runTest(SuiteRunner.java:455)
at org.testng.SuiteRunner.runSequentially(SuiteRunner.java:450)
at org.testng.SuiteRunner.privateRun(SuiteRunner.java:415)
at org.testng.SuiteRunner.run(SuiteRunner.java:364)
at org.testng.SuiteRunnerWorker.runSuite(SuiteRunnerWorker.java:52)
at org.testng.SuiteRunnerWorker.run(SuiteRunnerWorker.java:84)
at org.testng.TestNG.runSuitesSequentially(TestNG.java:1208)
at org.testng.TestNG.runSuitesLocally(TestNG.java:1137)
at org.testng.TestNG.runSuites(TestNG.java:1049)
at org.testng.TestNG.run(TestNG.java:1017)
at org.testng.remote.AbstractRemoteTestNG.run(AbstractRemoteTestNG.java:115)
at org.testng.remote.RemoteTestNG.initAndRun(RemoteTestNG.java:251)
at org.testng.remote.RemoteTestNG.main(RemoteTestNG.java:77)
]]>
            </full-stacktrace>
          </exception> <!-- org.openqa.selenium.SessionNotCreatedException -->
          <reporter-output>
          </reporter-output>
        </test-method> <!-- loginTest -->
        <test-method status="SKIP" signature="teardown()[pri:0, instance:com.framework.qa.testcases.LoginPageTest@48524010]" name="teardown" is-config="true" duration-ms="0" started-at="2020-04-23T11:39:26Z" finished-at="2020-04-23T11:39:26Z">
          <reporter-output>
          </reporter-output>
        </test-method> <!-- teardown -->
      </class> <!-- com.framework.qa.testcases.LoginPageTest -->
    </test> <!-- Default test -->
  </suite> <!-- Default suite -->
</testng-results>
